# JRE version: OpenJDK Runtime Environment Temurin-17.0.8.1+1 (17.0.8.1+1) (build 17.0.8.1+1)
# Java VM: OpenJDK 64-Bit Server VM Temurin-17.0.8.1+1 (17.0.8.1+1, mixed mode, emulated-client, tiered, compressed oops, compressed class ptrs, g1 gc, linux-amd64)
GC Precious Log:
 CPUs: 16 total, 16 available
 Memory: 31972M
 Large Page Support: Disabled
 NUMA Support: Disabled
 Compressed Oops: Enabled (32-bit)
 Heap Region Size: 1M
 Heap Min Capacity: 8M
 Heap Initial Capacity: 500M
 Heap Max Capacity: 1G
 Pre-touch: Disabled
 Parallel Workers: 13
 Concurrent Workers: 3
 Concurrent Refinement Workers: 13
 Periodic GC: Disabled
Heap:
 garbage-first heap   total 184320K, used 148528K [0x00000000c0000000, 0x0000000100000000)
  region size 1024K, 86 young (88064K), 3 survivors (3072K)
 Metaspace       used 62047K, committed 62656K, reserved 1114112K
  class space    used 7816K, committed 8064K, reserved 1048576K
GC Heap History (20 events):
Event: 70583,821 GC heap before
{Heap before GC invocations=103 (full 3):
 garbage-first heap   total 122880K, used 105420K [0x00000000c0000000, 0x0000000100000000)
  region size 1024K, 53 young (54272K), 1 survivors (1024K)
 Metaspace       used 61930K, committed 62656K, reserved 1114112K
  class space    used 7800K, committed 8064K, reserved 1048576K
}
Event: 70583,823 GC heap after
{Heap after GC invocations=104 (full 3):
 garbage-first heap   total 317440K, used 53484K [0x00000000c0000000, 0x0000000100000000)
  region size 1024K, 2 young (2048K), 2 survivors (2048K)
 Metaspace       used 61930K, committed 62656K, reserved 1114112K
  class space    used 7800K, committed 8064K, reserved 1048576K
}
Event: 70689,504 GC heap before
{Heap before GC invocations=105 (full 3):
 garbage-first heap   total 184320K, used 162028K [0x00000000c0000000, 0x0000000100000000)
  region size 1024K, 108 young (110592K), 2 survivors (2048K)
 Metaspace       used 61930K, committed 62656K, reserved 1114112K
  class space    used 7800K, committed 8064K, reserved 1048576K
}
Event: 70689,505 GC heap after
{Heap after GC invocations=106 (full 3):
 garbage-first heap   total 184320K, used 52324K [0x00000000c0000000, 0x0000000100000000)
  region size 1024K, 1 young (1024K), 1 survivors (1024K)
 Metaspace       used 61930K, committed 62656K, reserved 1114112K
  class space    used 7800K, committed 8064K, reserved 1048576K
}
Event: 70689,575 GC heap before
{Heap before GC invocations=106 (full 3):
 garbage-first heap   total 184320K, used 60516K [0x00000000c0000000, 0x0000000100000000)
  region size 1024K, 9 young (9216K), 1 survivors (1024K)
 Metaspace       used 61930K, committed 62656K, reserved 1114112K
  class space    used 7800K, committed 8064K, reserved 1048576K
}
Event: 70689,576 GC heap after
{Heap after GC invocations=107 (full 3):
 garbage-first heap   total 184320K, used 51621K [0x00000000c0000000, 0x0000000100000000)
  region size 1024K, 1 young (1024K), 1 survivors (1024K)
 Metaspace       used 61930K, committed 62656K, reserved 1114112K
  class space    used 7800K, committed 8064K, reserved 1048576K
}
Event: 70700,916 GC heap before
{Heap before GC invocations=107 (full 3):
 garbage-first heap   total 184320K, used 158117K [0x00000000c0000000, 0x0000000100000000)
  region size 1024K, 105 young (107520K), 1 survivors (1024K)
 Metaspace       used 61930K, committed 62656K, reserved 1114112K
  class space    used 7800K, committed 8064K, reserved 1048576K
}
Event: 70700,917 GC heap after
{Heap after GC invocations=108 (full 3):
 garbage-first heap   total 184320K, used 52430K [0x00000000c0000000, 0x0000000100000000)
  region size 1024K, 2 young (2048K), 2 survivors (2048K)
 Metaspace       used 61930K, committed 62656K, reserved 1114112K
  class space    used 7800K, committed 8064K, reserved 1048576K
}
Event: 74438,938 GC heap before
{Heap before GC invocations=109 (full 3):
 garbage-first heap   total 184320K, used 157902K [0x00000000c0000000, 0x0000000100000000)
  region size 1024K, 106 young (108544K), 2 survivors (2048K)
 Metaspace       used 62047K, committed 62656K, reserved 1114112K
  class space    used 7816K, committed 8064K, reserved 1048576K
}
Event: 74438,939 GC heap after
{Heap after GC invocations=110 (full 3):
 garbage-first heap   total 184320K, used 52912K [0x00000000c0000000, 0x0000000100000000)
  region size 1024K, 2 young (2048K), 2 survivors (2048K)
 Metaspace       used 62047K, committed 62656K, reserved 1114112K
  class space    used 7816K, committed 8064K, reserved 1048576K
}
Event: 74507,350 GC heap before
{Heap before GC invocations=110 (full 3):
 garbage-first heap   total 184320K, used 60080K [0x00000000c0000000, 0x0000000100000000)
  region size 1024K, 9 young (9216K), 2 survivors (2048K)
 Metaspace       used 62047K, committed 62656K, reserved 1114112K
  class space    used 7816K, committed 8064K, reserved 1048576K
}
Event: 74507,350 GC heap after
{Heap after GC invocations=111 (full 3):
 garbage-first heap   total 184320K, used 52056K [0x00000000c0000000, 0x0000000100000000)
  region size 1024K, 1 young (1024K), 1 survivors (1024K)
 Metaspace       used 62047K, committed 62656K, reserved 1114112K
  class space    used 7816K, committed 8064K, reserved 1048576K
}
Event: 74508,083 GC heap before
{Heap before GC invocations=111 (full 3):
 garbage-first heap   total 184320K, used 158552K [0x00000000c0000000, 0x0000000100000000)
  region size 1024K, 105 young (107520K), 1 survivors (1024K)
 Metaspace       used 62047K, committed 62656K, reserved 1114112K
  class space    used 7816K, committed 8064K, reserved 1048576K
}
Event: 74508,083 GC heap after
{Heap after GC invocations=112 (full 3):
 garbage-first heap   total 184320K, used 52381K [0x00000000c0000000, 0x0000000100000000)
  region size 1024K, 1 young (1024K), 1 survivors (1024K)
 Metaspace       used 62047K, committed 62656K, reserved 1114112K
  class space    used 7816K, committed 8064K, reserved 1048576K
}
Event: 76237,605 GC heap before
{Heap before GC invocations=113 (full 3):
 garbage-first heap   total 184320K, used 163997K [0x00000000c0000000, 0x0000000100000000)
  region size 1024K, 106 young (108544K), 1 survivors (1024K)
 Metaspace       used 62047K, committed 62656K, reserved 1114112K
  class space    used 7816K, committed 8064K, reserved 1048576K
}
Event: 76237,606 GC heap after
{Heap after GC invocations=114 (full 3):
 garbage-first heap   total 184320K, used 53211K [0x00000000c0000000, 0x0000000100000000)
  region size 1024K, 2 young (2048K), 2 survivors (2048K)
 Metaspace       used 62047K, committed 62656K, reserved 1114112K
  class space    used 7816K, committed 8064K, reserved 1048576K
}
Event: 76237,618 GC heap before
{Heap before GC invocations=114 (full 3):
 garbage-first heap   total 184320K, used 60379K [0x00000000c0000000, 0x0000000100000000)
  region size 1024K, 9 young (9216K), 2 survivors (2048K)
 Metaspace       used 62047K, committed 62656K, reserved 1114112K
  class space    used 7816K, committed 8064K, reserved 1048576K
}
Event: 76237,618 GC heap after
{Heap after GC invocations=115 (full 3):
 garbage-first heap   total 184320K, used 53296K [0x00000000c0000000, 0x0000000100000000)
  region size 1024K, 1 young (1024K), 1 survivors (1024K)
 Metaspace       used 62047K, committed 62656K, reserved 1114112K
  class space    used 7816K, committed 8064K, reserved 1048576K
}
Event: 76245,017 GC heap before
{Heap before GC invocations=115 (full 3):
 garbage-first heap   total 184320K, used 81968K [0x00000000c0000000, 0x0000000100000000)
  region size 1024K, 31 young (31744K), 1 survivors (1024K)
 Metaspace       used 62047K, committed 62656K, reserved 1114112K
  class space    used 7816K, committed 8064K, reserved 1048576K
}
Event: 76245,018 GC heap after
{Heap after GC invocations=116 (full 3):
 garbage-first heap   total 184320K, used 55344K [0x00000000c0000000, 0x0000000100000000)
  region size 1024K, 3 young (3072K), 3 survivors (3072K)
 Metaspace       used 62047K, committed 62656K, reserved 1114112K
  class space    used 7816K, committed 8064K, reserved 1048576K
}

